<?xml version="1.0" encoding="UTF-8"?>
<!-- Generated by org.testng.reporters.JUnitXMLReporter -->
<testsuite hostname="DESKTOP-E79RC3F" failures="0" tests="3" name="UniqueTest" time="0.114" errors="0" timestamp="10 Dec 2020 15:38:23 GMT">
  <testcase classname="T2.PrintK" name="oldest" time="0.024"/>
  <testcase classname="T2.SimpleTestNGClass" name="printhello" time="0.003"/>
  <testcase classname="T2.SimpleTestNGClass" name="printhis" time="0.002">
    <skipped/>
  </testcase> <!-- printhis -->
</testsuite> <!-- UniqueTest -->
