<?xml version="1.0" encoding="UTF-8"?>
<testng-results total="3" passed="2" failed="1" skipped="0">
  <reporter-output>
  </reporter-output>
  <suite started-at="2020-12-10T15:38:23Z" name="Suite" finished-at="2020-12-10T15:38:23Z" duration-ms="114">
    <groups>
      <group name="first">
        <method signature="PrintK.oldest()[pri:0, instance:T2.PrintK@6253c26]" name="oldest" class="T2.PrintK"/>
        <method signature="SimpleTestNGClass.printhello()[pri:0, instance:T2.SimpleTestNGClass@4dbb42b7]" name="printhello" class="T2.SimpleTestNGClass"/>
      </group> <!-- first -->
    </groups>
    <test started-at="2020-12-10T15:38:23Z" name="UniqueTest" finished-at="2020-12-10T15:38:23Z" duration-ms="114">
      <class name="T2.SimpleTestNGClass">
        <test-method signature="printhello()[pri:0, instance:T2.SimpleTestNGClass@4dbb42b7]" started-at="2020-12-10T21:08:23Z" name="printhello" finished-at="2020-12-10T21:08:23Z" duration-ms="3" status="PASS">
          <reporter-output>
          </reporter-output>
        </test-method> <!-- printhello -->
        <test-method signature="printhis(java.lang.String, java.lang.String)[pri:0, instance:T2.SimpleTestNGClass@4dbb42b7]" started-at="2020-12-10T21:08:23Z" name="printhis" finished-at="2020-12-10T21:08:23Z" duration-ms="0" status="FAIL">
          <exception class="org.testng.TestNGException">
            <message>
              <![CDATA[
Method printhis requires 2 parameters but 1 were supplied in the @Test annotation.]]>
            </message>
            <full-stacktrace>
              <![CDATA[org.testng.TestNGException: 
Method printhis requires 2 parameters but 1 were supplied in the @Test annotation.
	at org.testng.internal.Parameters.checkParameterTypes(Parameters.java:198)
	at org.testng.internal.Parameters.createParameters(Parameters.java:134)
	at org.testng.internal.Parameters.createParameters(Parameters.java:355)
	at org.testng.internal.Parameters.handleParameters(Parameters.java:447)
	at org.testng.internal.Invoker.handleParameters(Invoker.java:1389)
	at org.testng.internal.Invoker.createParameters(Invoker.java:1081)
	at org.testng.internal.Invoker.invokeTestMethods(Invoker.java:1186)
	at org.testng.internal.TestMethodWorker.invokeTestMethods(TestMethodWorker.java:127)
	at org.testng.internal.TestMethodWorker.run(TestMethodWorker.java:111)
	at org.testng.TestRunner.privateRun(TestRunner.java:767)
	at org.testng.TestRunner.run(TestRunner.java:617)
	at org.testng.SuiteRunner.runTest(SuiteRunner.java:334)
	at org.testng.SuiteRunner.runSequentially(SuiteRunner.java:329)
	at org.testng.SuiteRunner.privateRun(SuiteRunner.java:291)
	at org.testng.SuiteRunner.run(SuiteRunner.java:240)
	at org.testng.SuiteRunnerWorker.runSuite(SuiteRunnerWorker.java:51)
	at org.testng.SuiteRunnerWorker.run(SuiteRunnerWorker.java:85)
	at org.testng.TestNG.runSuitesSequentially(TestNG.java:1197)
	at org.testng.TestNG.runSuitesLocally(TestNG.java:1122)
	at org.testng.TestNG.run(TestNG.java:1030)
	at org.testng.remote.AbstractRemoteTestNG.run(AbstractRemoteTestNG.java:115)
	at org.testng.remote.RemoteTestNG.initAndRun(RemoteTestNG.java:251)
	at org.testng.remote.RemoteTestNG.main(RemoteTestNG.java:77)
]]>
            </full-stacktrace>
          </exception> <!-- org.testng.TestNGException -->
          <reporter-output>
          </reporter-output>
        </test-method> <!-- printhis -->
      </class> <!-- T2.SimpleTestNGClass -->
      <class name="T2.PrintK">
        <test-method signature="oldest()[pri:0, instance:T2.PrintK@6253c26]" started-at="2020-12-10T21:08:23Z" name="oldest" finished-at="2020-12-10T21:08:23Z" duration-ms="24" status="PASS">
          <reporter-output>
          </reporter-output>
        </test-method> <!-- oldest -->
      </class> <!-- T2.PrintK -->
    </test> <!-- UniqueTest -->
  </suite> <!-- Suite -->
</testng-results>
